<?xml version="1.0" encoding="UTF-8"?>
<testng-results skipped="0" failed="0" ignored="0" total="1" passed="1">
  <reporter-output>
  </reporter-output>
  <suite name="googleSearchTest.GoolgeSearchTest" duration-ms="13847" started-at="2020-11-20T12:03:04Z" finished-at="2020-11-20T12:03:17Z">
    <groups>
    </groups>
    <test name="Command line test" duration-ms="13847" started-at="2020-11-20T12:03:04Z" finished-at="2020-11-20T12:03:17Z">
      <class name="googleSearchTest.GoolgeSearchTest">
        <test-method status="PASS" signature="GSearch()[pri:0, instance:googleSearchTest.GoolgeSearchTest@880ec60]" name="GSearch" duration-ms="13827" started-at="2020-11-20T17:33:04Z" finished-at="2020-11-20T17:33:17Z">
          <reporter-output>
          </reporter-output>
        </test-method> <!-- GSearch -->
      </class> <!-- googleSearchTest.GoolgeSearchTest -->
    </test> <!-- Command line test -->
  </suite> <!-- googleSearchTest.GoolgeSearchTest -->
</testng-results>
